
*** Running vivado
    with args -log dma_xbar_1.vds -m64 -product Vivado -mode batch -messageDb vivado.pb -notrace -source dma_xbar_1.tcl



****** Vivado v2024.1.2 (64-bit)
  **** SW Build 5164865 on Thu Sep  5 14:37:11 MDT 2024
  **** IP Build 5164407 on Fri Sep  6 08:18:11 MDT 2024
  **** SharedData Build 5164864 on Thu Sep 05 13:09:09 MDT 2024
  **** Start of session at: Thu Nov 14 10:08:23 2024
    ** Copyright 1986-2022 Xilinx, Inc. All Rights Reserved.
    ** Copyright 2022-2024 Advanced Micro Devices, Inc. All Rights Reserved.

source dma_xbar_1.tcl -notrace
create_project: Time (s): cpu = 00:00:02 ; elapsed = 00:00:08 . Memory (MB): peak = 690.055 ; gain = 236.707
INFO: [IP_Flow 19-234] Refreshing IP repositories
INFO: [IP_Flow 19-1700] Loaded user IP repository 'c:/Projects/ERN24004/Projects/DMA/ip_repo'.
INFO: [IP_Flow 19-2313] Loaded Vivado IP repository 'C:/Xilinx/Vivado/2024.1/data/ip'.
INFO: [IP_Flow 19-6924] IPCACHE: Running cache check for IP inst: dma_xbar_1
INFO: [IP_Flow 19-6922] IPCACHE: Exporting cached entry 7cda9ece154a41da to dir: C:/Projects/ERN24004/Projects/DMA/DMA.runs/dma_xbar_1_synth_1
INFO: [IP_Flow 19-6928] IPCACHE: copied cached file c:/Projects/ERN24004/Projects/DMA/DMA.cache/ip/2024.1.2/7/c/7cda9ece154a41da/dma_xbar_1.dcp to C:/Projects/ERN24004/Projects/DMA/DMA.runs/dma_xbar_1_synth_1/dma_xbar_1.dcp.
INFO: [IP_Flow 19-6928] IPCACHE: copied cached file c:/Projects/ERN24004/Projects/DMA/DMA.cache/ip/2024.1.2/7/c/7cda9ece154a41da/dma_xbar_1_sim_netlist.v to C:/Projects/ERN24004/Projects/DMA/DMA.runs/dma_xbar_1_synth_1/dma_xbar_1_sim_netlist.v.
INFO: [IP_Flow 19-6928] IPCACHE: copied cached file c:/Projects/ERN24004/Projects/DMA/DMA.cache/ip/2024.1.2/7/c/7cda9ece154a41da/dma_xbar_1_sim_netlist.vhdl to C:/Projects/ERN24004/Projects/DMA/DMA.runs/dma_xbar_1_synth_1/dma_xbar_1_sim_netlist.vhdl.
INFO: [IP_Flow 19-6928] IPCACHE: copied cached file c:/Projects/ERN24004/Projects/DMA/DMA.cache/ip/2024.1.2/7/c/7cda9ece154a41da/dma_xbar_1_stub.v to C:/Projects/ERN24004/Projects/DMA/DMA.runs/dma_xbar_1_synth_1/dma_xbar_1_stub.v.
INFO: [IP_Flow 19-6928] IPCACHE: copied cached file c:/Projects/ERN24004/Projects/DMA/DMA.cache/ip/2024.1.2/7/c/7cda9ece154a41da/dma_xbar_1_stub.vhdl to C:/Projects/ERN24004/Projects/DMA/DMA.runs/dma_xbar_1_synth_1/dma_xbar_1_stub.vhdl.
INFO: [IP_Flow 19-4838] Using cached IP synthesis design for IP dma_xbar_1, cache-ID = 7cda9ece154a41da.
INFO: [Common 17-206] Exiting Vivado at Thu Nov 14 10:08:47 2024...
